-------------------------------------------------------------------------------
Test set: jar.AppTest
-------------------------------------------------------------------------------
Tests run: 2, Failures: 1, Errors: 0, Skipped: 0, Time elapsed: 0.036 s <<< FAILURE! - in jar.AppTest
failTest(jar.AppTest)  Time elapsed: 0.004 s  <<< FAILURE!
java.lang.AssertionError: expected null, but was:<anil>
	at jar.AppTest.failTest(AppTest.java:26)

